<?xml version="1.0" encoding="UTF-8"?>
<testng-results ignored="0" total="2" passed="2" failed="0" skipped="0">
  <reporter-output>
  </reporter-output>
  <suite started-at="2019-11-28T17:33:55 IST" name="PHPTravels" finished-at="2019-11-28T17:34:50 IST" duration-ms="55392">
    <groups>
    </groups>
    <test started-at="2019-11-28T17:33:55 IST" name="footer" finished-at="2019-11-28T17:34:25 IST" duration-ms="30177">
      <class name="com.org.test.testscripts.PhpTravels">
        <test-method is-config="true" signature="openBrowser()[pri:0, instance:com.org.test.testscripts.PhpTravels@5b239d7d]" started-at="2019-11-28T17:33:55 IST" name="openBrowser" finished-at="2019-11-28T17:34:09 IST" duration-ms="14481" status="PASS">
          <reporter-output>
          </reporter-output>
        </test-method> <!-- openBrowser -->
        <test-method signature="homePage()[pri:0, instance:com.org.test.testscripts.PhpTravels@5b239d7d]" started-at="2019-11-28T17:34:09 IST" name="homePage" finished-at="2019-11-28T17:34:24 IST" duration-ms="14751" status="PASS">
          <reporter-output>
          </reporter-output>
        </test-method> <!-- homePage -->
        <test-method is-config="true" signature="quitBrowser()[pri:0, instance:com.org.test.testscripts.PhpTravels@5b239d7d]" started-at="2019-11-28T17:34:24 IST" name="quitBrowser" finished-at="2019-11-28T17:34:25 IST" duration-ms="891" status="PASS">
          <reporter-output>
          </reporter-output>
        </test-method> <!-- quitBrowser -->
      </class> <!-- com.org.test.testscripts.PhpTravels -->
    </test> <!-- footer -->
    <test started-at="2019-11-28T17:34:25 IST" name="contentmenu" finished-at="2019-11-28T17:34:50 IST" duration-ms="25173">
      <class name="com.org.test.testscripts.PhpTravels">
        <test-method is-config="true" signature="openBrowser()[pri:0, instance:com.org.test.testscripts.PhpTravels@4ec4f3a0]" started-at="2019-11-28T17:34:25 IST" name="openBrowser" finished-at="2019-11-28T17:34:38 IST" duration-ms="12493" status="PASS">
          <reporter-output>
          </reporter-output>
        </test-method> <!-- openBrowser -->
        <test-method signature="homePage()[pri:0, instance:com.org.test.testscripts.PhpTravels@4ec4f3a0]" started-at="2019-11-28T17:34:38 IST" name="homePage" finished-at="2019-11-28T17:34:49 IST" duration-ms="11782" status="PASS">
          <reporter-output>
          </reporter-output>
        </test-method> <!-- homePage -->
        <test-method is-config="true" signature="quitBrowser()[pri:0, instance:com.org.test.testscripts.PhpTravels@4ec4f3a0]" started-at="2019-11-28T17:34:49 IST" name="quitBrowser" finished-at="2019-11-28T17:34:50 IST" duration-ms="892" status="PASS">
          <reporter-output>
          </reporter-output>
        </test-method> <!-- quitBrowser -->
      </class> <!-- com.org.test.testscripts.PhpTravels -->
    </test> <!-- contentmenu -->
  </suite> <!-- PHPTravels -->
</testng-results>
